13:13:38: yoyo
13:20:20: Remote github exists, don't worry
13:20:21: Remote github exists, don't worry
13:35:09: Remote github exists, don't worry
13:35:10: Remote github exists, don't worry
13:35:11: COMMAND: b'On branch windows\nYour branch is ahead of \'github/windows\' by 3 commits.\n  (use "git push" to publish your local commits)\n\nChanges not staged for commit:\n\tmodified:   ../../logs/2020-07-15.log\n\tmodified:   ../__pycache__/graphmaker.cpython-37.pyc\n\tmodified:   ../__pycache__/xp_tracker_backend.cpython-37.pyc\n\tmodified:   Adtukz\n\tmodified:   Ady\n\tmodified:   Alethros\n\tmodified:   Alxx2020\n\tmodified:   Ancient\n\tmodified:   Arc En Ciel\n\tmodified:   Asia\n\tmodified:   Aubery\n\tmodified:   Aubury\n\tmodified:   Baby Deezus\n\tmodified:   Big Mac\n\tmodified:   Biskybiscuit\n\tmodified:   Black Knight\n\tmodified:   Blazerlord\n\tmodified:   Boe\n\tmodified:   Box\n\tmodified:   Brad\n\tmodified:   Brrs\n\tmodified:   Carrot\n\tmodified:   Castlewars\n\tmodified:   Caviel\n\tmodified:   Chbachman\n\tmodified:   Christopher\n\tmodified:   Clickeddaisy\n\tmodified:   Coconut Dan\n\tmodified:   Cokecane\n\tmodified:   Coolcon12\n\tmodified:   Coordinates\n\tmodified:   Cringe Kid\n\tmodified:   Crow\n\tmodified:   Crown\n\tmodified:   Crusader\n\tmodified:   Cryptonote\n\tmodified:   Dark Drift7\n\tmodified:   Dbag Magee\n\tmodified:   Deadly Were\n\tmodified:   Deadlywere\n\tmodified:   Death Wish\n\tmodified:   Deathstriger\n\tmodified:   Delb\n\tmodified:   Diskid\n\tmodified:   Dispvm\n\tmodified:   Disskill\n\tmodified:   Dlainee 900\n\tmodified:   Dmcg\n\tmodified:   Dot Net\n\tmodified:   Dreadknight\n\tmodified:   Duration\n\tmodified:   Duration2\n\tmodified:   Edgelord360\n\tmodified:   Edgelord420\n\tmodified:   Edgelord69\n\tmodified:   Ekiph\n\tmodified:   Esmerelda\n\tmodified:   Eventest\n\tmodified:   Fkingalt\n\tmodified:   Fkingloot\n\tmodified:   Fkingmain\n\tmodified:   Flamie\n\tmodified:   Flan\n\tmodified:   Fletching\n\tmodified:   Freeziepop\n\tmodified:   Gamer4life\n\tmodified:   Garlic Fork\n\tmodified:   Gex546\n\tmodified:   Gexskills\n\tmodified:   Goldenag\n\tmodified:   Grimoire\n\tmodified:   Grizzly\n\tmodified:   Guine\n\tmodified:   Handcrafted\n\tmodified:   Heat\n\tmodified:   Herieman\n\tmodified:   Highkeyloki\n\tmodified:   Hitler\n\tmodified:   Honestly\n\tmodified:   Hwguy\n\tmodified:   Ian\n\tmodified:   Ibt\n\tmodified:   Ikrim\n\tmodified:   Ill\n\tmodified:   Illusion\n\tmodified:   Incognito\n\tmodified:   Inori\n\tmodified:   Invalid\n\tmodified:   Iron Arm\n\tmodified:   Ironic\n\tmodified:   Jarno45\n\tmodified:   Javin\n\tmodified:   Jeton\n\tmodified:   Jigglebox\n\tmodified:   Jingles\n\tmodified:   Jonny Jonny\n\tmodified:   Juice Fruit\n\tmodified:   Justin\n\tmodified:   Kakarot\n\tmodified:   Kale\n\tmodified:   Kalem\n\tmodified:   Kestlen\n\tmodified:   Kijani\n\tmodified:   Killing\n\tmodified:   Krethis\n\tmodified:   Kunark\n\tmodified:   Kurt\n\tmodified:   Lazy Celeste\n\tmodified:   Ledsy\n\tmodified:   Lende\n\tmodified:   Lestic\n\tmodified:   Lowkeyloki\n\tmodified:   Mag\n\tmodified:   Mageballer43\n\tmodified:   Maxed\n\tmodified:   Medic\n\tmodified:   Megastary\n\tmodified:   Miguel\n\tmodified:   Mitosk\n\tmodified:   Mo\n\tmodified:   Monero\n\tmodified:   Mystic\n\tmodified:   Mysticpoisen\n\tmodified:   Myth Scape\n\tmodified:   N F\n\tmodified:   Neckromancer\n\tmodified:   Nex\n\tmodified:   Niftu Cal\n\tmodified:   Nl\n\tmodified:   Noisycork\n\tmodified:   Notlead\n\tmodified:   Nullopt\n\tmodified:   Nurnkiller\n\tmodified:   Obarner\n\tmodified:   Ojoib\n\tmodified:   Ollie12345\n\tmodified:   Omu Dung\n\tmodified:   Omu U\n\tmodified:   One\n\tmodified:   Onox\n\tmodified:   Pally\n\tmodified:   Parenthetic\n\tmodified:   Perkele\n\tmodified:   Pew\n\tmodified:   Pew Il\n\tmodified:   Piscies\n\tmodified:   Pixel Parade\n\tmodified:   Pker 0wns\n\tmodified:   Poltergeist\n\tmodified:   Pr0mast3r\n\tmodified:   Rain\n\tmodified:   Ray\n\tmodified:   Razi\n\tmodified:   Relaytam12\n\tmodified:   Reloadz\n\tmodified:   Retro\n\tmodified:   Rias Gremory\n\tmodified:   Ricky\n\tmodified:   Robotic01\n\tmodified:   Roe\n\tmodified:   Roflmfao\n\tmodified:   Rowdyy\n\tmodified:   Rsbot\n\tmodified:   Rusted\n\tmodified:   Sam Roberts\n\tmodified:   Saradomin\n\tmodified:   Savy\n\tmodified:   Scrim\n\tmodified:   Scrumpy\n\tmodified:   Seawolf\n\tmodified:   Seis\n\tmodified:   Sheldy\n\tmodified:   Sincerely\n\tmodified:   Skillsy\n\tmodified:   Slimsharkie\n\tmodified:   Slyjacob\n\tmodified:   Slyjacob1\n\tmodified:   Snortwindex\n\tmodified:   Stephenb1992\n\tmodified:   Stephenb92\n\tmodified:   Steven\n\tmodified:   Sticky\n\tmodified:   Sugarmama\n\tmodified:   Surdok\n\tmodified:   T Tex8\n\tmodified:   Tasman 3\n\tmodified:   Tbi\n\tmodified:   Thetracker3\n\tmodified:   Thispot\n\tmodified:   Torbjorn\n\tmodified:   Trenton\n\tmodified:   Virus64\n\tmodified:   Volcarona\n\tmodified:   Warhorse\n\tmodified:   X M A\n\tmodified:   X Turtle X\n\tmodified:   Xblade 20\n\tmodified:   Xexani\n\tmodified:   Xie\n\tmodified:   Yim\n\tmodified:   Yung Schniff\n\tmodified:   Zee Meeuw\n\tmodified:   Zemouregal\n\tmodified:   Zero\n\tmodified:   Zeus\n\tmodified:   ../xp_tracker_backend.py\n\nno changes added to commit'
13:35:11: all stats updated & cleaned & players potentially pushed. Also did top weekly!
13:35:12: COMMAND: b'On branch windows\nYour branch is ahead of \'github/windows\' by 3 commits.\n  (use "git push" to publish your local commits)\n\nChanges not staged for commit:\n\tmodified:   ../../logs/2020-07-15.log\n\tmodified:   ../__pycache__/graphmaker.cpython-37.pyc\n\tmodified:   ../__pycache__/xp_tracker_backend.cpython-37.pyc\n\tmodified:   Adtukz\n\tmodified:   Ady\n\tmodified:   Alethros\n\tmodified:   Alxx2020\n\tmodified:   Ancient\n\tmodified:   Arc En Ciel\n\tmodified:   Asia\n\tmodified:   Aubery\n\tmodified:   Aubury\n\tmodified:   Baby Deezus\n\tmodified:   Big Mac\n\tmodified:   Biskybiscuit\n\tmodified:   Black Knight\n\tmodified:   Blazerlord\n\tmodified:   Boe\n\tmodified:   Box\n\tmodified:   Brad\n\tmodified:   Brrs\n\tmodified:   Carrot\n\tmodified:   Castlewars\n\tmodified:   Caviel\n\tmodified:   Chbachman\n\tmodified:   Christopher\n\tmodified:   Clickeddaisy\n\tmodified:   Coconut Dan\n\tmodified:   Cokecane\n\tmodified:   Coolcon12\n\tmodified:   Coordinates\n\tmodified:   Cringe Kid\n\tmodified:   Crow\n\tmodified:   Crown\n\tmodified:   Crusader\n\tmodified:   Cryptonote\n\tmodified:   Dark Drift7\n\tmodified:   Dbag Magee\n\tmodified:   Deadly Were\n\tmodified:   Deadlywere\n\tmodified:   Death Wish\n\tmodified:   Deathstriger\n\tmodified:   Delb\n\tmodified:   Diskid\n\tmodified:   Dispvm\n\tmodified:   Disskill\n\tmodified:   Dlainee 900\n\tmodified:   Dmcg\n\tmodified:   Dot Net\n\tmodified:   Dreadknight\n\tmodified:   Duration\n\tmodified:   Duration2\n\tmodified:   Edgelord360\n\tmodified:   Edgelord420\n\tmodified:   Edgelord69\n\tmodified:   Ekiph\n\tmodified:   Esmerelda\n\tmodified:   Eventest\n\tmodified:   Fkingalt\n\tmodified:   Fkingloot\n\tmodified:   Fkingmain\n\tmodified:   Flamie\n\tmodified:   Flan\n\tmodified:   Fletching\n\tmodified:   Freeziepop\n\tmodified:   Gamer4life\n\tmodified:   Garlic Fork\n\tmodified:   Gex546\n\tmodified:   Gexskills\n\tmodified:   Goldenag\n\tmodified:   Grimoire\n\tmodified:   Grizzly\n\tmodified:   Guine\n\tmodified:   Handcrafted\n\tmodified:   Heat\n\tmodified:   Herieman\n\tmodified:   Highkeyloki\n\tmodified:   Hitler\n\tmodified:   Honestly\n\tmodified:   Hwguy\n\tmodified:   Ian\n\tmodified:   Ibt\n\tmodified:   Ikrim\n\tmodified:   Ill\n\tmodified:   Illusion\n\tmodified:   Incognito\n\tmodified:   Inori\n\tmodified:   Invalid\n\tmodified:   Iron Arm\n\tmodified:   Ironic\n\tmodified:   Jarno45\n\tmodified:   Javin\n\tmodified:   Jeton\n\tmodified:   Jigglebox\n\tmodified:   Jingles\n\tmodified:   Jonny Jonny\n\tmodified:   Juice Fruit\n\tmodified:   Justin\n\tmodified:   Kakarot\n\tmodified:   Kale\n\tmodified:   Kalem\n\tmodified:   Kestlen\n\tmodified:   Kijani\n\tmodified:   Killing\n\tmodified:   Krethis\n\tmodified:   Kunark\n\tmodified:   Kurt\n\tmodified:   Lazy Celeste\n\tmodified:   Ledsy\n\tmodified:   Lende\n\tmodified:   Lestic\n\tmodified:   Lowkeyloki\n\tmodified:   Mag\n\tmodified:   Mageballer43\n\tmodified:   Maxed\n\tmodified:   Medic\n\tmodified:   Megastary\n\tmodified:   Miguel\n\tmodified:   Mitosk\n\tmodified:   Mo\n\tmodified:   Monero\n\tmodified:   Mystic\n\tmodified:   Mysticpoisen\n\tmodified:   Myth Scape\n\tmodified:   N F\n\tmodified:   Neckromancer\n\tmodified:   Nex\n\tmodified:   Niftu Cal\n\tmodified:   Nl\n\tmodified:   Noisycork\n\tmodified:   Notlead\n\tmodified:   Nullopt\n\tmodified:   Nurnkiller\n\tmodified:   Obarner\n\tmodified:   Ojoib\n\tmodified:   Ollie12345\n\tmodified:   Omu Dung\n\tmodified:   Omu U\n\tmodified:   One\n\tmodified:   Onox\n\tmodified:   Pally\n\tmodified:   Parenthetic\n\tmodified:   Perkele\n\tmodified:   Pew\n\tmodified:   Pew Il\n\tmodified:   Piscies\n\tmodified:   Pixel Parade\n\tmodified:   Pker 0wns\n\tmodified:   Poltergeist\n\tmodified:   Pr0mast3r\n\tmodified:   Rain\n\tmodified:   Ray\n\tmodified:   Razi\n\tmodified:   Relaytam12\n\tmodified:   Reloadz\n\tmodified:   Retro\n\tmodified:   Rias Gremory\n\tmodified:   Ricky\n\tmodified:   Robotic01\n\tmodified:   Roe\n\tmodified:   Roflmfao\n\tmodified:   Rowdyy\n\tmodified:   Rsbot\n\tmodified:   Rusted\n\tmodified:   Sam Roberts\n\tmodified:   Saradomin\n\tmodified:   Savy\n\tmodified:   Scrim\n\tmodified:   Scrumpy\n\tmodified:   Seawolf\n\tmodified:   Seis\n\tmodified:   Sheldy\n\tmodified:   Sincerely\n\tmodified:   Skillsy\n\tmodified:   Slimsharkie\n\tmodified:   Slyjacob\n\tmodified:   Slyjacob1\n\tmodified:   Snortwindex\n\tmodified:   Stephenb1992\n\tmodified:   Stephenb92\n\tmodified:   Steven\n\tmodified:   Sticky\n\tmodified:   Sugarmama\n\tmodified:   Surdok\n\tmodified:   T Tex8\n\tmodified:   Tasman 3\n\tmodified:   Tbi\n\tmodified:   Thetracker3\n\tmodified:   Thispot\n\tmodified:   Torbjorn\n\tmodified:   Trenton\n\tmodified:   Virus64\n\tmodified:   Volcarona\n\tmodified:   Warhorse\n\tmodified:   X M A\n\tmodified:   X Turtle X\n\tmodified:   Xblade 20\n\tmodified:   Xexani\n\tmodified:   Xie\n\tmodified:   Yim\n\tmodified:   Yung Schniff\n\tmodified:   Zee Meeuw\n\tmodified:   Zemouregal\n\tmodified:   Zero\n\tmodified:   Zeus\n\tmodified:   ../xp_tracker_backend.py\n\nno changes added to commit'
13:35:12: all stats updated & cleaned & players potentially pushed. Also did top weekly!
13:36:34: Remote github exists, don't worry
13:36:35: Remote github exists, don't worry
13:36:36: COMMAND: b'[windows c94743c] 2020-07-15 committed all files via website\n 1 file changed, 9 insertions(+)'
13:36:36: all stats updated & cleaned & players potentially pushed. Also did top weekly!
13:36:37: COMMAND: b'[windows f732f1a] 2020-07-15 committed all files via website\n 1 file changed, 1 insertion(+)'
13:36:38: all stats updated & cleaned & players potentially pushed. Also did top weekly!
13:39:35: Remote github exists, don't worry
13:39:37: Remote github exists, don't worry
13:39:38: COMMAND: b'[windows d3173ed] 2020-07-15 committed all files via website\n 1 file changed, 5 insertions(+)'
13:39:38: all stats updated & cleaned & players potentially pushed. Also did top weekly!
13:39:39: COMMAND: b'[windows 3d72a3c] 2020-07-15 committed all files via website\n 1 file changed, 1 insertion(+)'
13:39:39: all stats updated & cleaned & players potentially pushed. Also did top weekly!
13:41:01: Remote github exists, don't worry
13:41:03: Remote github exists, don't worry
13:41:04: COMMAND: b'[windows 1efc847] 2020-07-15 committed all files via website\n 1 file changed, 5 insertions(+)'
13:41:04: all stats updated & cleaned & players potentially pushed. Also did top weekly!
13:41:05: COMMAND: b'[windows 50f2e3b] 2020-07-15 committed all files via website\n 1 file changed, 1 insertion(+)'
13:41:05: all stats updated & cleaned & players potentially pushed. Also did top weekly!
13:41:52: Remote github exists, don't worry
13:41:53: Remote github exists, don't worry
13:41:54: COMMAND: b'[windows 1000a6e] 2020-07-15 committed all files via website\n 1 file changed, 1 insertion(+)'
13:41:54: all stats updated & cleaned & players potentially pushed. Also did top weekly!
13:41:56: COMMAND: b'[windows 914f0e1] 2020-07-15 committed all files via website\n 1 file changed, 1 insertion(+)'
13:41:56: all stats updated & cleaned & players potentially pushed. Also did top weekly!
13:43:47: Remote github exists, don't worry
13:43:49: Remote github exists, don't worry
13:43:53: COMMAND: b'[windows a5fbc8f] Committed all files via windows\n 1 file changed, 5 insertions(+)'
13:43:53: all stats updated & cleaned & players potentially pushed. Also did top weekly!
13:43:54: COMMAND: b'[windows 9bb0a87] Committed all files via windows\n 1 file changed, 1 insertion(+)'
13:43:54: all stats updated & cleaned & players potentially pushed. Also did top weekly!
13:44:59: Remote github exists, don't worry
13:45:00: Remote github exists, don't worry
13:45:04: COMMAND: b'[windows 8d5852a] Committed all files via windows at 2020-07-15 13:44:59.999622\n 1 file changed, 5 insertions(+)'
13:45:05: all stats updated & cleaned & players potentially pushed. Also did top weekly!
13:45:05: COMMAND: b'[windows 8eadbda] Committed all files via windows at 2020-07-15 13:45:01.413635\n 1 file changed, 1 insertion(+)'
13:45:06: all stats updated & cleaned & players potentially pushed. Also did top weekly!
13:46:11: Remote github exists, don't worry
13:46:13: Remote github exists, don't worry
13:46:17: COMMAND: b'[windows 114aacc] Committed all files via windows at 13:46:12\n 1 file changed, 5 insertions(+)'
13:46:17: all stats updated & cleaned & players potentially pushed. Also did top weekly!
13:46:17: COMMAND: b'[windows e6cad2c] Committed all files via windows at 13:46:13\n 1 file changed, 1 insertion(+)'
13:46:18: all stats updated & cleaned & players potentially pushed. Also did top weekly!
13:47:25: Remote github exists, don't worry
13:47:31: COMMAND: b'[windows 9ca6ff7] Committed all files via windows at 13:47:26\n 1 file changed, 5 insertions(+)'
13:47:31: all stats updated & cleaned & players potentially pushed. Also did top weekly!
13:48:54: Remote github exists, don't worry
18:54:48: Remote github exists, don't worry
18:54:49: 0 query success
18:54:49: 1 query success
18:54:49: 13 query success
18:54:49: 16 query success
18:54:50: 1haha1 query success
18:54:50: 44444444444 query success
18:54:51: 45kin query success
18:54:51: 753456159258 query success
18:54:51: 7yz query success
18:54:52: Adtukz query success
18:54:52: Ady query success
18:54:52: Alethros query success
18:54:53: Alxx2020 query success
18:54:53: Ancient query success
18:54:53: Arc En Ciel query success
18:54:53: Asia query success
18:54:54: Aubery query success
18:54:54: Aubury query success
18:54:54: Baby Deezus query success
18:54:55: Big Mac query success
18:54:55: Biskybiscuit query success
18:54:55: Black Knight query success
18:54:56: Blazerlord query success
18:54:56: Boe query success
18:54:56: Box query success
18:54:57: Brad query success
18:54:57: Brrs query success
18:54:57: Carrot query success
18:54:58: Castlewars query success
18:55:11: Remote github exists, don't worry
18:55:12: 0 query success
18:55:12: 1 query success
18:55:12: 13 query success
18:55:13: 16 query success
18:55:13: 1haha1 query success
18:55:13: 44444444444 query success
18:55:14: 45kin query success
18:55:14: 753456159258 query success
18:55:14: 7yz query success
18:55:15: Adtukz query success
18:55:15: Ady query success
18:55:15: Alethros query success
18:55:16: Alxx2020 query success
18:55:16: Ancient query success
18:55:16: Arc En Ciel query success
18:55:16: Asia query success
18:55:17: Aubery query success
18:55:17: Aubury query success
18:55:17: Baby Deezus query success
18:55:18: Big Mac query success
18:55:18: Biskybiscuit query success
18:55:18: Black Knight query success
18:55:19: Blazerlord query success
18:55:19: Boe query success
18:55:19: Box query success
18:55:20: Brad query success
18:55:20: Brrs query success
18:55:20: Carrot query success
18:55:21: Castlewars query success
18:55:21: Caviel query success
18:55:21: Chbachman query success
18:55:21: Christopher query success
18:55:22: Clickeddaisy query success
18:55:22: Coconut Dan query success
18:55:22: Cokecane query success
18:55:23: Coolcon12 query success
18:55:23: Coordinates query success
18:55:23: Cringe Kid query success
18:55:24: Crow query success
18:55:24: Crown query success
18:55:25: Crusader query success
18:55:25: Cryptonote query success
18:55:25: Dark Drift7 query success
18:55:25: Dbag Magee query success
18:55:26: Deadly Were query success
18:55:26: Deadlywere query success
18:55:26: Death Wish query success
18:55:27: Deathstriger query success
18:55:27: Delb query success
18:55:27: Diskid query success
18:55:28: Dispvm query success
18:55:28: Disskill query success
18:55:28: Dlainee 900 query success
18:55:29: Dmcg query success
18:55:29: Dot Net query success
18:55:29: Dreadknight query success
18:55:30: Duration query success
18:55:30: Duration2 query success
18:55:30: Edgelord360 query success
18:55:31: Edgelord420 query success
18:55:31: Edgelord69 query success
18:55:31: Ekiph query success
18:55:32: Esmerelda query success
18:55:32: Eventest query success
18:55:32: Fkingalt query success
18:55:33: Fkingloot query success
18:55:33: Fkingmain query success
18:55:33: Flamie query success
18:55:34: Flan query success
18:55:34: Fletching query success
18:55:34: Freeziepop query success
18:55:34: Gamer4life query success
18:55:35: Garlic Fork query success
18:55:35: Gex546 query success
18:55:35: Gexskills query success
18:55:36: Goldenag query success
18:55:36: Grimoire query success
18:55:36: Grizzly query success
18:55:37: Guine query success
18:55:37: Handcrafted query success
18:55:37: Heat query success
18:55:38: Herieman query success
18:55:38: Highkeyloki query success
18:55:38: Hitler query success
18:55:39: Honestly query success
18:55:39: Hwguy query success
18:55:39: Ian query success
18:55:40: Ibt query success
18:55:40: Ikrim query success
18:55:40: Ill query success
18:55:40: Illusion query success
18:55:41: Incognito query success
18:55:41: Inori query success
18:55:41: Invalid query success
18:55:42: Iron Arm query success
18:55:42: Ironic query success
18:55:42: Jarno45 query success
18:55:43: Javin query success
18:55:43: Jeton query success
18:55:43: Jigglebox query success
18:55:44: Jingles query success
18:55:44: Jonny Jonny query success
18:55:44: Juice Fruit query success
18:55:45: Justin query success
18:55:45: Kakarot query success
18:55:45: Kale query success
18:55:46: Kalem query success
18:55:46: Kestlen query success
18:55:46: Kijani query success
18:55:47: Killing query success
18:55:47: Krethis query success
18:55:47: Kunark query success
18:55:47: Kurt query success
18:55:48: Lazy Celeste query success
18:55:48: Ledsy query success
18:55:48: Lende query success
18:55:49: Lestic query success
18:55:49: Lowkeyloki query success
18:55:49: Mag query success
18:55:50: Mageballer43 query success
18:55:50: Maxed query success
18:55:50: Medic query success
18:55:51: Megastary query success
18:55:51: Miguel query success
18:55:51: Mitosk query success
18:55:52: Mo query success
18:55:52: Monero query success
18:55:52: Mystic query success
18:55:52: Mysticpoisen query success
18:55:53: Myth Scape query success
18:55:53: N F query success
18:55:53: Neckromancer query success
18:55:54: Nex query success
18:55:54: Niftu Cal query success
18:55:54: Nl query success
18:55:55: Noisycork query success
18:55:55: Notlead query success
18:55:55: Nullopt query success
18:55:56: Nurnkiller query success
18:55:56: Obarner query success
18:55:56: Ojoib query success
18:55:57: Ollie12345 query success
18:55:57: Omu Dung query success
18:55:57: Omu U query success
18:55:57: One query success
18:55:58: Onox query success
18:55:58: Pally query success
18:55:58: Parenthetic query success
18:55:59: Perkele query success
18:55:59: Pew query success
18:55:59: Pew Il query success
18:56:00: Piscies query success
18:56:00: Pixel Parade query success
18:56:00: Pker 0wns query success
18:56:01: Poltergeist query success
18:56:01: Pr0mast3r query success
18:56:01: Rain query success
18:56:01: Ray query success
18:56:02: Razi query success
18:56:02: Relaytam12 query success
18:56:02: Reloadz query success
18:56:03: Retro query success
18:56:03: Rias Gremory query success
18:56:03: Ricky query success
18:56:04: Robotic01 query success
18:56:04: Roe query success
18:56:04: Roflmfao query success
18:56:05: Rowdyy query success
18:56:05: Rsbot query success
18:56:05: Rusted query success
18:56:06: Sam Roberts query success
18:56:06: Saradomin query success
18:56:06: Savy query success
18:56:07: Scrim query success
18:56:07: Scrumpy query success
18:56:07: Seawolf query success
18:56:08: Seis query success
18:56:08: Sheldy query success
18:56:08: Sincerely query success
18:56:09: Skillsy query success
18:56:09: Slimsharkie query success
18:56:09: Slyjacob query success
18:56:10: Slyjacob1 query success
18:56:10: Snortwindex query success
18:56:10: Stephenb1992 query success
18:56:11: Stephenb92 query success
18:56:11: Steven query success
18:56:11: Sticky query success
18:56:11: Sugarmama query success
18:56:12: Surdok query success
18:56:12: T Tex8 query success
18:56:12: Tasman 3 query success
18:56:13: Tbi query success
18:56:13: Thetracker3 query success
18:56:13: Thispot query success
18:56:14: Torbjorn query success
18:56:14: Trenton query success
18:56:14: Virus64 query success
18:56:15: Volcarona query success
18:56:15: Warhorse query success
18:56:15: X M A query success
18:56:15: X Turtle X query success
18:56:16: Xblade 20 query success
18:56:16: Xexani query success
18:56:16: Xie query success
18:56:17: Yim query success
18:56:17: Yung Schniff query success
18:56:17: Zee Meeuw query success
18:56:18: Zemouregal query success
18:56:18: Zero query success
18:56:18: Zeus query success
18:56:19: adtukz query success
18:56:19: ady query success
18:56:19: alethros query success
18:56:20: alxx2020 query success
18:56:20: ancient query success
18:56:20: arc en ciel query success
18:56:21: asia query success
18:56:21: aubery query success
18:56:21: aubury query success
18:56:21: baby deezus query success
18:56:22: big mac query success
18:56:22: biskybiscuit query success
18:56:22: black knight query success
18:56:23: blazerlord query success
18:56:23: blessdanoobs query success
18:56:23: boe query success
18:56:24: box query success
18:56:24: brad query success
18:56:24: brrs query success
18:56:25: carrot query success
18:56:25: castlewars query success
18:56:25: caviel query success
18:56:26: chbachman query success
18:56:26: christopher query success
18:56:26: clickeddaisy query success
18:56:27: coconut dan query success
18:56:27: cokecane query success
18:56:27: coolcon12 query success
18:56:28: coordinates query success
18:56:28: cringe kid query success
18:56:28: crow query success
18:56:29: crown query success
18:56:29: crusader query success
18:56:29: cryptonote query success
18:56:30: dark drift7 query success
18:56:30: dbag magee query success
18:56:30: deadly were query success
18:56:30: deadlywere query success
18:56:31: death wish query success
18:56:31: deathstriger query success
18:56:32: delb query success
18:56:32: diskid query success
18:56:32: dispvm query success
18:56:33: disskill query success
18:56:33: dlainee 900 query success
18:56:33: dmcg query success
18:56:33: dot net query success
18:56:34: dreadknight query success
18:56:34: duration query success
18:56:34: duration2 query success
18:56:35: edgelord360 query success
18:56:35: edgelord420 query success
18:56:35: edgelord69 query success
18:56:36: ekiph query success
18:56:36: esmerelda query success
18:56:36: eventest query success
18:56:37: fkingalt query success
18:56:37: fkingloot query success
18:56:37: fkingmain query success
18:56:38: flamie query success
18:56:38: flan query success
18:56:38: fletching query success
18:56:39: freeziepop query success
18:56:39: gamer4life query success
18:56:39: garlic fork query success
18:56:40: garlic pork query success
18:56:40: gex546 query success
18:56:40: gexskills query success
18:56:41: goldenag query success
18:56:41: grimoire query success
18:56:41: grizzly query success
18:56:42: guine query success
18:56:42: handcrafted query success
18:56:42: heat query success
18:56:43: herieman query success
18:56:43: highkeyloki query success
18:56:43: hitler query success
18:56:43: honestly query success
18:56:44: hwguy query success
18:56:44: i am yim query success
18:56:44: ian query success
18:56:45: ibt query success
18:56:45: ikrim query success
18:56:45: ill query success
18:56:46: illusion query success
18:56:46: incognito query success
18:56:46: inori query success
18:56:47: invalid query success
18:56:47: iron arm query success
18:56:47: ironic query success
18:56:48: jarno45 query success
18:56:48: javin query success
18:56:48: jawarrior query success
18:56:48: jawarrior1 query success
18:56:49: jawarrior2 query success
18:56:49: jeton query success
18:56:49: jigglebox query success
18:56:50: jingles query success
18:56:50: jiren query success
18:56:50: jonny jonny query success
18:56:51: juice fruit query success
18:56:51: justin query success
18:56:52: kakarot query success
18:56:52: kale query success
18:56:52: kalem query success
18:56:52: kestlen query success
18:56:53: kijani query success
18:56:53: killing query success
18:56:53: krethis query success
18:56:54: kunark query success
18:56:54: kurt query success
18:56:54: lady celeste query success
18:56:55: lazy celeste query success
18:56:55: ledsy query success
18:56:55: lende query success
18:56:56: lestic query success
18:56:56: lowkeyloki query success
18:56:56: mag query success
18:56:57: mageballer43 query success
18:56:57: maxed query success
18:56:57: medic query success
18:56:58: megastary query success
18:56:58: miguel query success
18:56:58: mitosk query success
18:56:59: mo query success
18:56:59: monero query success
18:56:59: mystic query success
18:56:59: mysticpoisen query success
18:57:00: myth scape query success
18:57:00: n f query success
18:57:00: neckromancer query success
18:57:01: nex query success
18:57:01: niftu query success
18:57:01: niftu cal query success
18:57:02: nl query success
18:57:02: noisycork query success
18:57:02: notlead query success
18:57:03: nullopt query success
18:57:03: nurnkiller query success
18:57:03: obarner query success
18:57:04: ojoib query success
18:57:04: ollie12345 query success
18:57:04: omu dung query success
18:57:04: omu u query success
18:57:05: one query success
18:57:05: onox query success
18:57:05: pally query success
18:57:06: parenthetic query success
18:57:06: perkele query success
18:57:06: pew query success
18:57:07: pew il query success
18:57:07: piscies query success
18:57:07: pixel parade query success
18:57:08: pker 0wns query success
18:57:08: poltergeist query success
18:57:08: pr0mast3r query success
18:57:09: rain query success
18:57:09: ray query success
18:57:09: razi query success
18:57:09: relaytam12 query success
18:57:10: reloadz query success
18:57:10: retro query success
18:57:10: rias gremory query success
18:57:11: ricky query success
18:57:11: robotic01 query success
18:57:11: roe query success
18:57:12: roflmfao query success
18:57:12: rowdyy query success
18:57:12: rsbot query success
18:57:13: rusted query success
18:57:13: sam roberts query success
18:57:13: saradomin query success
18:57:14: savy query success
18:57:14: scrim query success
18:57:14: scrumpy query success
18:57:15: seawolf query success
18:57:15: seis query success
18:57:15: sheldy query success
18:57:16: sincerely query success
18:57:16: skillsy query success
18:57:16: slimsharkie query success
18:57:17: slyjacob query success
18:57:17: slyjacob1 query success
18:57:17: snortwindex query success
18:57:18: stephenb1992 query success
18:57:18: stephenb92 query success
18:57:18: steven query success
18:57:18: sticky query success
18:57:19: sugarmama query success
18:57:19: surdok query success
18:57:19: t tex8 query success
18:57:20: tasman 3 query success
18:57:20: tbi query success
18:57:20: thetracker3 query success
18:57:21: thispot query success
18:57:21: torbjorn query success
18:57:21: trent query success
18:57:22: trenton query success
18:57:22: virus64 query success
18:57:22: volcarona query success
18:57:23: warhorse query success
18:57:23: wolf query success
18:57:23: x m a query success
18:57:23: x turtle x query success
18:57:24: xblade 20 query success
18:57:24: xexani query success
18:57:24: xie query success
18:57:25: yim query success
18:57:25: yung schniff query success
18:57:25: zee meeuw query success
18:57:26: zemouregal query success
18:57:26: zero query success
18:57:26: zeus query success
