05:34:43: Remote github exists05:34:43: 
05:34:43: Git branch:ubuntu is checked out, being used.05:34:43: 
05:34:43: 05:34:43:  * Serving Flask app "app" (lazy loading)
05:34:43:  * Environment: production
05:34:43:    WARNING: This is a development server. Do not use it in a production deployment.
05:34:43:    Use a production WSGI server instead.
05:34:43:  * Debug mode: off
05:34:43: 0 query success05:34:43: 
05:34:44: 1 query success05:34:44: 
05:34:44: 13 query success05:34:44: 
05:34:44: 16 query success05:34:44: 
05:34:45: 1haha1 query success05:34:45: 
05:34:45: 44444444444 query success05:34:45: 
05:34:45: 45kin query success05:34:45: 
05:34:46: 753456159258 query success05:34:46: 
05:34:46: 7yz query success05:34:46: 
05:34:46: Adtukz query success05:34:46: 
05:34:47: Ady query success05:34:47: 
05:34:47: Alethros query success05:34:47: 
05:34:47: Alxx2020 query success05:34:47: 
05:34:47: Ancient query success05:34:47: 
05:34:48: Arc En Ciel query success05:34:48: 
05:34:48: Asia query success05:34:48: 
05:34:48: Aubery query success05:34:48: 
05:34:49: Aubury query success05:34:49: 
05:34:49: Baby Deezus query success05:34:49: 
05:34:49: Big Mac query success05:34:49: 
05:34:50: Biskybiscuit query success05:34:50: 
05:34:50: Black Knight query success05:34:50: 
05:34:50: Blazerlord query success05:34:50: 
05:34:50: Boe query success05:34:50: 
05:34:51: Box query success05:34:51: 
05:34:51: Brad query success05:34:51: 
05:34:51: Brrs query success05:34:51: 
05:34:52: Carrot query success05:34:52: 
05:34:52: Castlewars query success05:34:52: 
05:34:52: Caviel query success05:34:52: 
05:34:53: Chbachman query success05:34:53: 
05:34:53: Christopher query success05:34:53: 
05:34:53: Clickeddaisy query success05:34:53: 
05:34:54: Coconut Dan query success05:34:54: 
05:34:54: Cokecane query success05:34:54: 
05:34:54: Coolcon12 query success05:34:54: 
05:34:55: Coordinates query success05:34:55: 
05:34:55: Cringe Kid query success05:34:55: 
05:34:55: Crow query success05:34:55: 
05:34:56: Crown query success05:34:56: 
05:34:56: Crusader query success05:34:56: 
05:34:56: Cryptonote query success05:34:56: 
05:34:57: Dark Drift7 query success05:34:57: 
05:34:57: Dbag Magee query success05:34:57: 
05:34:57: Deadly Were query success05:34:57: 
05:34:57: Deadlywere query success05:34:57: 
05:34:58: Death Wish query success05:34:58: 
05:34:58: Deathstriger query success05:34:58: 
05:34:58: Delb query success05:34:58: 
05:34:59: Diskid query success05:34:59: 
05:34:59: Dispvm query success05:34:59: 
05:34:59: Disskill query success05:34:59: 
05:35:00: Dlainee 900 query success05:35:00: 
05:35:00: Dmcg query success05:35:00: 
05:35:00: Dot Net query success05:35:00: 
05:35:01: Dreadknight query success05:35:01: 
05:35:01: Duration query success05:35:01: 
05:35:01: Duration2 query success05:35:01: 
05:35:02: Edgelord360 query success05:35:02: 
05:35:02: Edgelord420 query success05:35:02: 
05:35:02: Edgelord69 query success05:35:02: 
05:35:03: Ekiph query success05:35:03: 
05:35:03: Esmerelda query success05:35:03: 
05:35:03: Eventest query success05:35:03: 
05:35:03: Fkingalt query success05:35:03: 
05:35:04: Fkingloot query success05:35:04: 
05:35:04: Fkingmain query success05:35:04: 
05:35:04: Flamie query success05:35:04: 
05:35:05: Flan query success05:35:05: 
05:35:05: Fletching query success05:35:05: 
05:35:05: Freeziepop query success05:35:05: 
05:35:06: Gamer4life query success05:35:06: 
05:35:06: Garlic Fork query success05:35:06: 
05:35:06: Gex546 query success05:35:06: 
05:35:07: Gexskills query success05:35:07: 
05:35:07: Goldenag query success05:35:07: 
05:35:07: Grimoire query success05:35:07: 
05:35:07: Grizzly query success05:35:07: 
05:35:08: Guine query success05:35:08: 
05:35:08: Handcrafted query success05:35:08: 
05:35:08: Heat query success05:35:08: 
05:35:09: Herieman query success05:35:09: 
05:35:11: Highkeyloki query success05:35:11: 
05:35:11: Hitler query success05:35:11: 
05:35:11: Honestly query success05:35:11: 
05:35:12: Hwguy query success05:35:12: 
05:35:12: Ian query success05:35:12: 
05:35:12: Ibt query success05:35:12: 
05:35:12: Ikrim query success05:35:12: 
05:35:13: Ill query success05:35:13: 
05:35:13: Illusion query success05:35:13: 
05:35:13: Incognito query success05:35:13: 
05:35:14: Inori query success05:35:14: 
05:35:14: Invalid query success05:35:14: 
05:35:14: Iron Arm query success05:35:14: 
05:35:15: Ironic query success05:35:15: 
05:35:15: Jarno45 query success05:35:15: 
05:35:15: Javin query success05:35:15: 
05:35:15: Jeton query success05:35:15: 
05:35:16: Jigglebox query success05:35:16: 
05:35:16: Jingles query success05:35:16: 
05:35:16: Jonny Jonny query success05:35:16: 
05:35:17: Juice Fruit query success05:35:17: 
05:35:17: Justin query success05:35:17: 
05:35:17: Kakarot query success05:35:17: 
05:35:18: Kale query success05:35:18: 
05:35:18: Kalem query success05:35:18: 
05:35:18: Kestlen query success05:35:18: 
05:35:19: Kijani query success05:35:19: 
05:35:19: Killing query success05:35:19: 
05:35:19: Krethis query success05:35:19: 
05:35:20: Kunark query success05:35:20: 
05:35:20: Kurt query success05:35:20: 
05:35:20: Lazy Celeste query success05:35:20: 
05:35:21: Ledsy query success05:35:21: 
05:35:21: Lende query success05:35:21: 
05:35:21: Lestic query success05:35:21: 
05:35:22: Lowkeyloki query success05:35:22: 
05:35:22: Mag query success05:35:22: 
05:35:22: Mageballer43 query success05:35:22: 
05:35:22: Maxed query success05:35:22: 
05:35:23: Medic query success05:35:23: 
05:35:23: Megastary query success05:35:23: 
05:35:23: Miguel query success05:35:23: 
05:35:24: Mitosk query success05:35:24: 
05:35:24: Mo query success05:35:24: 
05:35:24: Monero query success05:35:24: 
05:35:25: Mystic query success05:35:25: 
05:35:25: Mysticpoisen query success05:35:25: 
05:35:25: Myth Scape query success05:35:25: 
05:35:26: N F query success05:35:26: 
05:35:26: Neckromancer query success05:35:26: 
05:35:26: Nex query success05:35:26: 
05:35:26: Niftu Cal query success05:35:26: 
05:35:27: Nl query success05:35:27: 
05:35:27: Noisycork query success05:35:27: 
05:35:27: Notlead query success05:35:27: 
05:35:28: Nullopt query success05:35:28: 
05:35:28: Nurnkiller query success05:35:28: 
05:35:28: Obarner query success05:35:28: 
05:35:29: Ojoib query success05:35:29: 
05:35:29: Ollie12345 query success05:35:29: 
05:35:29: Omu Dung query success05:35:29: 
05:35:29: Omu U query success05:35:29: 
05:35:30: One query success05:35:30: 
05:35:30: Onox query success05:35:30: 
05:35:30: Pally query success05:35:30: 
05:35:31: Parenthetic query success05:35:31: 
05:35:31: Perkele query success05:35:31: 
05:35:31: Pew query success05:35:31: 
05:35:32: Pew Il query success05:35:32: 
05:35:32: Piscies query success05:35:32: 
05:35:32: Pixel Parade query success05:35:32: 
05:35:33: Pker 0wns query success05:35:33: 
05:35:33: Poltergeist query success05:35:33: 
05:35:33: Pr0mast3r query success05:35:33: 
05:35:33: Rain query success05:35:33: 
05:35:34: Ray query success05:35:34: 
05:35:34: Razi query success05:35:34: 
05:35:34: Relaytam12 query success05:35:34: 
05:35:35: Reloadz query success05:35:35: 
05:35:35: Retro query success05:35:35: 
05:35:35: Rias Gremory query success05:35:35: 
05:35:36: Ricky query success05:35:36: 
05:35:36: Robotic01 query success05:35:36: 
05:35:36: Roe query success05:35:36: 
05:35:36: Roflmfao query success05:35:36: 
05:35:37: Rowdyy query success05:35:37: 
05:35:37: Rsbot query success05:35:37: 
05:35:37: Rusted query success05:35:37: 
05:35:38: Sam Roberts query success05:35:38: 
05:35:38: Saradomin query success05:35:38: 
05:35:38: Savy query success05:35:38: 
05:35:39: Scrim query success05:35:39: 
05:35:39: Scrumpy query success05:35:39: 
05:35:39: Seawolf query success05:35:39: 
05:35:40: Seis query success05:35:40: 
05:35:40: Sheldy query success05:35:40: 
05:35:40: Sincerely query success05:35:40: 
05:35:41: Skillsy query success05:35:41: 
05:35:41: Slimsharkie query success05:35:41: 
05:35:41: Slyjacob query success05:35:41: 
05:35:42: Slyjacob1 query success05:35:42: 
05:35:42: Snortwindex query success05:35:42: 
05:35:42: Stephenb1992 query success05:35:42: 
05:35:42: Stephenb92 query success05:35:42: 
05:35:43: Steven query success05:35:43: 
05:35:43: Sticky query success05:35:43: 
05:35:43: Sugarmama query success05:35:43: 
05:35:44: Surdok query success05:35:44: 
05:35:44: T Tex8 query success05:35:44: 
05:35:44: Tasman 3 query success05:35:44: 
05:35:45: Tbi query success05:35:45: 
05:35:45: Thetracker3 query success05:35:45: 
05:35:45: Thispot query success05:35:45: 
05:35:45: Torbjorn query success05:35:45: 
05:35:46: Trenton query success05:35:46: 
05:35:46: Virus64 query success05:35:46: 
05:35:46: Volcarona query success05:35:46: 
05:35:47: Warhorse query success05:35:47: 
05:35:47: X M A query success05:35:47: 
05:35:47: X Turtle X query success05:35:47: 
05:35:47: Xblade 20 query success05:35:47: 
05:35:48: Xexani query success05:35:48: 
05:35:48: Xie query success05:35:48: 
05:35:48: Yim query success05:35:48: 
05:35:49: Yung Schniff query success05:35:49: 
05:35:49: Zee Meeuw query success05:35:49: 
05:35:49: Zemouregal query success05:35:49: 
05:35:50: Zero query success05:35:50: 
05:35:50: Zeus query success05:35:50: 
05:35:50: adtukz query success05:35:50: 
05:35:51: ady query success05:35:51: 
05:35:51: alethros query success05:35:51: 
05:35:51: alxx2020 query success05:35:51: 
05:35:51: ancient query success05:35:51: 
05:35:52: arc en ciel query success05:35:52: 
05:35:52: asia query success05:35:52: 
05:35:52: aubery query success05:35:52: 
05:35:53: aubury query success05:35:53: 
05:35:53: baby deezus query success05:35:53: 
05:35:53: big mac query success05:35:53: 
05:35:54: biskybiscuit query success05:35:54: 
05:35:54: black knight query success05:35:54: 
05:35:54: blazerlord query success05:35:54: 
05:35:55: blessdanoobs query success05:35:55: 
05:35:55: boe query success05:35:55: 
05:35:55: box query success05:35:55: 
05:35:55: brad query success05:35:55: 
05:35:56: brrs query success05:35:56: 
05:35:56: carrot query success05:35:56: 
05:35:56: castlewars query success05:35:56: 
05:35:57: caviel query success05:35:57: 
05:35:57: chbachman query success05:35:57: 
05:35:57: christopher query success05:35:57: 
05:35:58: clickeddaisy query success05:35:58: 
05:35:58: coconut dan query success05:35:58: 
05:35:58: cokecane query success05:35:58: 
05:35:59: coolcon12 query success05:35:59: 
05:35:59: coordinates query success05:35:59: 
05:35:59: cringe kid query success05:35:59: 
05:36:00: crow query success05:36:00: 
05:36:00: crown query success05:36:00: 
05:36:00: crusader query success05:36:00: 
05:36:01: cryptonote query success05:36:01: 
05:36:01: dark drift7 query success05:36:01: 
05:36:01: dbag magee query success05:36:01: 
05:36:02: deadly were query success05:36:02: 
05:36:02: deadlywere query success05:36:02: 
05:36:02: death wish query success05:36:02: 
05:36:02: deathstriger query success05:36:02: 
05:36:03: delb query success05:36:03: 
05:36:03: diskid query success05:36:03: 
05:36:03: dispvm query success05:36:03: 
05:36:04: disskill query success05:36:04: 
05:36:04: dlainee 900 query success05:36:04: 
05:36:04: dmcg query success05:36:04: 
05:36:05: dot net query success05:36:05: 
05:36:05: dreadknight query success05:36:05: 
05:36:05: duration query success05:36:05: 
05:36:06: duration2 query success05:36:06: 
05:36:06: edgelord360 query success05:36:06: 
05:36:06: edgelord420 query success05:36:06: 
05:36:07: edgelord69 query success05:36:07: 
05:36:07: ekiph query success05:36:07: 
05:36:07: esmerelda query success05:36:07: 
05:36:08: eventest query success05:36:08: 
05:36:08: fkingalt query success05:36:08: 
05:36:08: fkingloot query success05:36:08: 
05:36:09: fkingmain query success05:36:09: 
05:36:09: flamie query success05:36:09: 
05:36:09: flan query success05:36:09: 
05:36:10: fletching query success05:36:10: 
05:36:10: freeziepop query success05:36:10: 
05:36:10: gamer4life query success05:36:10: 
05:36:10: garlic fork query success05:36:10: 
05:36:11: garlic pork query success05:36:11: 
05:36:11: gex546 query success05:36:11: 
05:36:11: gexskills query success05:36:11: 
05:36:12: goldenag query success05:36:12: 
05:36:12: grimoire query success05:36:12: 
05:36:12: grizzly query success05:36:12: 
05:36:13: guine query success05:36:13: 
05:36:13: handcrafted query success05:36:13: 
05:36:13: heat query success05:36:13: 
05:36:14: herieman query success05:36:14: 
05:36:14: highkeyloki query success05:36:14: 
05:36:14: hitler query success05:36:14: 
05:36:15: honestly query success05:36:15: 
05:36:15: hwguy query success05:36:15: 
05:36:15: i am yim query success05:36:15: 
05:36:16: ian query success05:36:16: 
05:36:16: ibt query success05:36:16: 
05:36:16: ikrim query success05:36:16: 
05:36:16: ill query success05:36:16: 
05:36:17: illusion query success05:36:17: 
05:36:17: incognito query success05:36:17: 
05:36:17: inori query success05:36:17: 
05:36:18: invalid query success05:36:18: 
05:36:18: iron arm query success05:36:18: 
05:36:18: ironic query success05:36:18: 
05:36:19: jarno45 query success05:36:19: 
05:36:19: javin query success05:36:19: 
05:36:19: jawarrior query success05:36:19: 
05:36:20: jawarrior1 query success05:36:20: 
05:36:20: jawarrior2 query success05:36:20: 
05:36:20: jeton query success05:36:20: 
05:36:20: jigglebox query success05:36:20: 
05:36:21: jingles query success05:36:21: 
05:36:21: jiren query success05:36:21: 
05:36:21: jonny jonny query success05:36:21: 
05:36:22: juice fruit query success05:36:22: 
05:36:22: justin query success05:36:22: 
05:36:23: kakarot query success05:36:23: 
05:36:23: kale query success05:36:23: 
05:36:23: kalem query success05:36:23: 
05:36:23: kestlen query success05:36:23: 
05:36:24: kijani query success05:36:24: 
05:36:24: killing query success05:36:24: 
05:36:24: krethis query success05:36:24: 
05:36:25: kunark query success05:36:25: 
05:36:25: kurt query success05:36:25: 
05:36:25: lady celeste query success05:36:25: 
05:36:26: lazy celeste query success05:36:26: 
05:36:26: ledsy query success05:36:26: 
05:36:26: lende query success05:36:26: 
05:36:27: lestic query success05:36:27: 
05:36:27: lowkeyloki query success05:36:27: 
05:36:27: mag query success05:36:27: 
05:36:28: mageballer43 query success05:36:28: 
05:36:28: maxed query success05:36:28: 
05:36:28: medic query success05:36:28: 
05:36:29: megastary query success05:36:29: 
05:36:29: miguel query success05:36:29: 
05:36:29: mitosk query success05:36:29: 
05:36:29: mo query success05:36:29: 
05:36:30: monero query success05:36:30: 
05:36:30: mystic query success05:36:30: 
05:36:30: mysticpoisen query success05:36:30: 
05:36:31: myth scape query success05:36:31: 
05:36:31: n f query success05:36:31: 
05:36:31: neckromancer query success05:36:31: 
05:36:32: nex query success05:36:32: 
05:36:32: niftu query success05:36:32: 
05:36:32: niftu cal query success05:36:32: 
05:36:33: nl query success05:36:33: 
05:36:33: noisycork query success05:36:33: 
05:36:33: notlead query success05:36:33: 
05:36:33: nullopt query success05:36:33: 
05:36:34: nurnkiller query success05:36:34: 
05:36:34: obarner query success05:36:34: 
05:36:34: ojoib query success05:36:34: 
05:36:35: ollie12345 query success05:36:35: 
05:36:35: omu dung query success05:36:35: 
05:36:35: omu u query success05:36:35: 
05:36:36: one query success05:36:36: 
05:36:36: onox query success05:36:36: 
05:36:36: pally query success05:36:36: 
05:36:36: parenthetic query success05:36:36: 
05:36:37: perkele query success05:36:37: 
05:36:37: pew query success05:36:37: 
05:36:37: pew il query success05:36:37: 
05:36:38: piscies query success05:36:38: 
05:36:38: pixel parade query success05:36:38: 
05:36:38: pker 0wns query success05:36:38: 
05:36:39: poltergeist query success05:36:39: 
05:36:39: pr0mast3r query success05:36:39: 
05:36:39: rain query success05:36:39: 
05:36:40: ray query success05:36:40: 
05:36:40: razi query success05:36:40: 
05:36:40: relaytam12 query success05:36:40: 
05:36:40: reloadz query success05:36:40: 
05:36:41: retro query success05:36:41: 
05:36:41: rias gremory query success05:36:41: 
05:36:41: ricky query success05:36:41: 
05:36:42: robotic01 query success05:36:42: 
05:36:42: roe query success05:36:42: 
05:36:42: roflmfao query success05:36:42: 
05:36:43: rowdyy query success06:50:24: Remote github exists06:50:24: 
06:50:24: Git branch:ubuntu is checked out, being used.06:50:24: 
06:50:24: 0 query success06:50:24: 
06:50:24: 06:50:24:  * Serving Flask app "app" (lazy loading)
06:50:24:  * Environment: production
06:50:24:    WARNING: This is a development server. Do not use it in a production deployment.
06:50:24:    Use a production WSGI server instead.
06:50:24:  * Debug mode: off
06:50:25: 1 query success06:50:25: 
06:50:25: 13 query success06:50:25: 
06:50:25: 16 query success06:50:25: 
06:50:26: 1haha1 query success06:50:26: 
06:50:26: 44444444444 query success06:50:26: 
06:50:26: 45kin query success06:50:26: 
06:50:27: 753456159258 query success06:50:27: 
06:50:27: 7yz query success06:50:27: 
06:50:27: Alxx2020 query success06:50:27: 
06:50:28: adtukz query success06:50:28: 
06:50:28: ady query success06:50:28: 
06:50:28: alethros query success06:50:28: 
06:50:29: alxx2020 query success06:50:29: 
06:50:29: ancient query success06:50:29: 
06:50:29: arc en ciel query success06:50:29: 
06:50:30: asia query success06:50:30: 
06:50:30: aubery query success06:50:30: 
06:50:30: aubury query success06:50:30: 
06:50:30: baby deezus query success06:50:30: 
06:50:31: big mac query success06:50:31: 
06:50:31: biskybiscuit query success06:50:31: 
06:50:31: black knight query success06:50:31: 
06:50:32: blazerlord query success06:50:32: 
06:50:32: blessdanoobs query success06:50:32: 
06:50:32: boe query success06:50:32: 
06:50:33: box query success06:50:33: 
06:50:33: brad query success06:50:33: 
06:50:33: brrs query success06:50:33: 
06:50:34: carrot query success06:50:34: 
06:50:34: castlewars query success06:50:34: 
06:50:34: caviel query success06:50:34: 
06:50:34: chbachman query success06:50:34: 
06:50:35: christopher query success06:50:35: 
06:50:35: clickeddaisy query success06:50:35: 
06:50:35: coconut dan query success06:50:35: 
06:50:36: cokecane query success06:50:36: 
06:50:36: coolcon12 query success06:50:36: 
06:50:36: coordinates query success06:50:36: 
06:50:37: cringe kid query success06:50:37: 
06:50:37: crow query success06:50:37: 
06:50:37: crown query success06:50:37: 
06:50:38: crusader query success06:50:38: 
06:50:38: cryptonote query success06:50:38: 
06:50:38: dark drift7 query success06:50:38: 
06:50:39: dbag magee query success06:50:39: 
06:50:39: deadly were query success06:50:39: 
06:50:39: deadlywere query success06:50:39: 
06:50:40: death wish query success06:50:40: 
06:50:40: deathstriger query success06:50:40: 
06:50:40: delb query success06:50:40: 
06:50:41: diskid query success06:50:41: 
06:50:41: dispvm query success06:50:41: 
06:50:41: disskill query success06:50:41: 
06:50:42: dlainee 900 query success06:50:42: 
06:50:42: dmcg query success06:50:42: 
06:50:42: dot net query success06:50:42: 
06:50:42: dreadknight query success06:50:42: 
06:50:43: duration query success06:50:43: 
06:50:43: duration2 query success06:50:43: 
06:50:43: edgelord360 query success06:50:43: 
06:50:44: edgelord420 query success06:50:44: 
06:50:44: edgelord69 query success06:50:44: 
06:50:44: ekiph query success06:50:44: 
06:50:45: esmerelda query success06:50:45: 
06:50:45: eventest query success06:50:45: 
06:50:45: fkingalt query success06:50:45: 
06:50:46: fkingloot query success06:50:46: 
06:50:46: fkingmain query success06:50:46: 
06:50:46: flamie query success06:50:46: 
06:50:47: flan query success06:50:47: 
06:50:47: fletching query success06:50:47: 
06:50:47: freeziepop query success06:50:47: 
06:50:47: gamer4life query success06:50:47: 
06:50:48: garlic fork query success06:50:48: 
06:50:48: garlic pork query success06:50:48: 
06:50:48: gex546 query success06:50:48: 
06:50:49: gexskills query success06:50:49: 
06:50:49: goldenag query success06:50:49: 
06:50:49: grimoire query success06:50:49: 
06:50:50: grizzly query success06:50:50: 
06:50:50: guine query success06:50:50: 
06:50:50: handcrafted query success06:50:50: 
06:50:51: heat query success06:50:51: 
06:50:51: herieman query success06:50:51: 
06:50:51: highkeyloki query success06:50:51: 
06:50:52: hitler query success06:50:52: 
06:50:52: honestly query success06:50:52: 
06:50:52: hwguy query success06:50:52: 
06:50:53: i am yim query success06:50:53: 
06:50:53: ian query success06:50:53: 
06:50:53: ibt query success06:50:53: 
06:50:53: ikrim query success06:50:53: 
06:50:54: ill query success06:50:54: 
06:50:54: illusion query success06:50:54: 
06:50:54: incognito query success06:50:54: 
06:50:55: inori query success06:50:55: 
06:50:55: invalid query success06:50:55: 
06:50:55: iron arm query success06:50:55: 
06:50:56: ironic query success06:50:56: 
06:50:56: jarno45 query success06:50:56: 
06:50:56: javin query success06:50:56: 
06:50:56: jawarrior query success06:50:56: 
06:50:57: jawarrior1 query success06:50:57: 
06:50:57: jawarrior2 query success06:50:57: 
06:50:57: jeton query success06:50:57: 
06:50:58: jigglebox query success06:50:58: 
06:50:58: jingles query success06:50:58: 
06:50:58: jiren query success06:50:58: 
06:50:59: jonny jonny query success06:50:59: 
06:50:59: juice fruit query success06:50:59: 
06:50:59: justin query success06:50:59: 
06:51:00: kakarot query success06:51:00: 
06:51:00: kale query success06:51:00: 
06:51:00: kalem query success06:51:00: 
06:51:01: kestlen query success06:51:01: 
06:51:01: kijani query success06:51:01: 
06:51:01: killing query success06:51:01: 
06:51:02: krethis query success06:51:02: 
06:51:02: kunark query success06:51:02: 
06:51:02: kurt query success06:51:02: 
06:51:03: lady celeste query success06:51:03: 
06:51:03: lazy celeste query success06:51:03: 
06:51:03: ledsy query success06:51:03: 
06:51:04: lende query success06:51:04: 
06:51:04: lestic query success06:51:04: 
06:51:04: lowkeyloki query success06:51:04: 
06:51:05: mag query success06:51:05: 
06:51:05: mageballer43 query success06:51:05: 
06:51:05: maxed query success06:51:05: 
06:51:06: medic query success06:51:06: 
06:51:06: megastary query success06:51:06: 
06:51:06: miguel query success06:51:06: 
06:51:06: mitosk query success06:51:06: 
06:51:07: mo query success06:51:07: 
06:51:07: monero query success06:51:07: 
06:51:07: mystic query success06:51:07: 
06:51:08: mysticpoisen query success06:51:08: 
06:51:08: myth scape query success06:51:08: 
06:51:08: n f query success06:51:08: 
06:51:09: neckromancer query success06:51:09: 
06:51:09: nex query success06:51:09: 
06:51:09: niftu query success06:51:09: 
06:51:10: niftu cal query success06:51:10: 
06:51:10: nl query success06:51:10: 
06:51:10: noisycork query success06:51:10: 
06:51:10: notlead query success06:51:10: 
06:51:11: nullopt query success06:51:11: 
06:51:11: nurnkiller query success06:51:11: 
06:51:11: obarner query success06:51:11: 
06:51:12: ojoib query success06:51:12: 
06:51:12: ollie12345 query success06:51:12: 
06:51:12: omu dung query success06:51:12: 
06:51:13: omu u query success06:51:13: 
06:51:13: one query success06:51:13: 
06:51:13: onox query success06:51:13: 
06:51:13: pally query success06:51:13: 
06:51:14: parenthetic query success06:51:14: 
06:51:14: perkele query success06:51:14: 
06:51:14: pew query success06:51:14: 
06:51:15: pew il query success06:51:15: 
06:51:15: piscies query success06:51:15: 
06:51:15: pixel parade query success06:51:15: 
06:51:16: pker 0wns query success06:51:16: 
06:51:16: poltergeist query success06:51:16: 
06:51:16: pr0mast3r query success06:51:16: 
06:51:16: rain query success06:51:16: 
06:51:17: ray query success06:51:17: 
06:51:17: razi query success06:51:17: 
06:51:17: relaytam12 query success06:51:17: 
06:51:18: reloadz query success06:51:18: 
06:51:18: retro query success06:51:18: 
06:51:18: rias gremory query success06:51:18: 
06:51:19: ricky query success06:51:19: 
06:51:19: robotic01 query success06:51:19: 
06:51:19: roe query success06:51:19: 
06:51:19: roflmfao query success06:51:19: 
06:51:20: rowdyy query success06:51:20: 
06:51:20: rsbot query success06:51:20: 
06:51:20: rusted query success06:51:20: 
06:51:21: sam roberts query success06:51:21: 
06:51:21: saradomin query success06:51:21: 
06:51:21: savy query success06:51:21: 
06:51:22: scrim query success06:51:22: 
06:51:22: scrumpy query success06:51:22: 
06:51:22: seawolf query success06:51:22: 
06:51:23: seis query success06:51:23: 
06:51:23: sheldy query success06:51:23: 
06:51:23: sincerely query success06:51:23: 
06:51:24: skillsy query success06:51:24: 
06:51:24: slimsharkie query success06:51:24: 
06:51:24: slyjacob query success06:51:24: 
06:51:25: slyjacob1 query success06:51:25: 
06:51:25: snortwindex query success06:51:25: 
06:51:25: stephenb1992 query success06:51:25: 
06:51:25: stephenb92 query success06:51:25: 
06:51:26: steven query success06:51:26: 
06:51:26: sticky query success06:51:26: 
06:51:26: sugarmama query success06:51:26: 
06:51:27: surdok query success06:51:27: 
06:51:27: t tex8 query success06:51:27: 
06:51:27: tasman 3 query success06:51:27: 
06:51:28: tbi query success06:51:28: 
06:51:28: thetracker3 query success06:51:28: 
06:51:28: thispot query success06:51:28: 
06:51:29: torbjorn query success06:51:29: 
06:51:29: trent query success06:51:29: 
06:51:29: trenton query success06:51:29: 
06:51:29: virus64 query success06:51:29: 
06:51:30: volcarona query success06:51:30: 
06:51:30: warhorse query success06:51:30: 
06:51:30: wolf query success06:51:30: 
06:51:31: x m a query success06:51:31: 
06:51:31: x turtle x query success06:51:31: 
06:51:31: xblade 20 query success06:51:31: 
06:51:32: xexani query success06:51:32: 
06:51:32: xie query success06:51:32: 
06:51:32: yim query success06:51:32: 
06:51:32: yung schniff query success06:51:32: 
06:51:33: zee meeuw query success06:51:33: 
06:51:33: zemouregal query success06:51:33: 
06:51:33: zero query success06:51:33: 
06:51:34: zeus query success06:51:34: 
